Removed Pin From Net: NetName=VCC Pin=C7-1
Removed Pin From Net: NetName=sensor_3.3V Pin=C9-1
Removed Pin From Net: NetName=GND Pin=LED3-2
Removed Pin From Net: NetName=sensor_3.3V Pin=R5-1
Removed Pin From Net: NetName=VCC Pin=TPS1-3
Removed Pin From Net: NetName=VCC Pin=TPS1-4
Removed Pin From Net: NetName=5V Pin=TPS1-5
Removed Pin From Net: NetName=5V Pin=TPS1-6
Removed Pin From Net: NetName=5V Pin=TPS1-7
Removed Member From Class: ClassName=Sheet1 Member=LED9
Removed Member From Class: ClassName=Sheet1 Member=R17
Change Component Footprint: Designator=C8 Old Footprint=PCBComponent_1 New Footprint=CD C(6032)
Change Component Footprint: Designator=TPS2 Old Footprint=PCBComponent_1 New Footprint=SO-8N
Change Component Comment : Designator=TPS2 Old Comment=TPS7333 New Comment=5V
Change Component Designator: OldDesignator=LED4 NewDesignator=LED3
Change Component Designator: OldDesignator=LED5 NewDesignator=LED4
Change Component Designator: OldDesignator=LED6 NewDesignator=LED5
Change Component Designator: OldDesignator=LED7 NewDesignator=LED6
Change Component Designator: OldDesignator=LED8 NewDesignator=LED7
Change Component Designator: OldDesignator=LED9 NewDesignator=LED8
Change Component Designator: OldDesignator=R6 NewDesignator=R5
Change Component Designator: OldDesignator=R7 NewDesignator=R6
Change Component Designator: OldDesignator=R8 NewDesignator=R7
Change Component Designator: OldDesignator=R9 NewDesignator=R8
Change Component Designator: OldDesignator=R10 NewDesignator=R9
Change Component Designator: OldDesignator=R11 NewDesignator=R10
Change Component Designator: OldDesignator=R12 NewDesignator=R11
Change Component Designator: OldDesignator=R13 NewDesignator=R12
Change Component Designator: OldDesignator=R14 NewDesignator=R13
Change Component Designator: OldDesignator=R15 NewDesignator=R14
Change Component Designator: OldDesignator=R16 NewDesignator=R15
Change Component Designator: OldDesignator=R17 NewDesignator=R16
Added Pin To Net: NetName=5V Pin=C7-1
Added Pin To Net: NetName=sensor_3.3V Pin=C8-1
Added Pin To Net: NetName=GND Pin=C8-2
Added Pin To Net: NetName=VCC Pin=C9-1
Added Pin To Net: NetName=5V Pin=C10-1
Added Pin To Net: NetName=5V Pin=TPS1-3
Added Pin To Net: NetName=5V Pin=TPS1-4
Added Pin To Net: NetName=sensor_3.3V Pin=TPS1-5
Added Pin To Net: NetName=sensor_3.3V Pin=TPS1-6
Added Pin To Net: NetName=sensor_3.3V Pin=TPS1-7
Added Pin To Net: NetName=GND Pin=TPS2-1
Added Pin To Net: NetName=GND Pin=TPS2-2
Added Pin To Net: NetName=VCC Pin=TPS2-3
Added Pin To Net: NetName=VCC Pin=TPS2-4
Added Pin To Net: NetName=5V Pin=TPS2-5
Added Pin To Net: NetName=5V Pin=TPS2-6
Added Pin To Net: NetName=5V Pin=TPS2-7
Change Net Name : Old Net Name=NetLED4_2 New Net Name=NetLED3_2
Change Net Name : Old Net Name=NetLED5_2 New Net Name=NetLED4_2
Change Net Name : Old Net Name=NetLED6_2 New Net Name=NetLED5_2
Change Net Name : Old Net Name=NetLED7_2 New Net Name=NetLED6_2
Change Net Name : Old Net Name=NetLED8_2 New Net Name=NetLED7_2
Change Net Name : Old Net Name=NetLED9_2 New Net Name=NetLED8_2
