Removed Pin From Net: NetName=UART_3.3V Pin=C5-2
Removed Pin From Net: NetName=5V Pin=C6-2
Removed Pin From Net: NetName=UART_3.3V Pin=E3-1
Removed Pin From Net: NetName=5V Pin=E4-1
Removed Pin From Net: NetName=GND Pin=V2-1
Removed Pin From Net: NetName=UART_3.3V Pin=V2-2
Removed Pin From Net: NetName=UART_3.3V Pin=V2-2
Removed Pin From Net: NetName=5V Pin=V2-3
Removed Member From Class: ClassName=Sheet1 Member=V2
Change Component Designator: OldDesignator=C2 NewDesignator=C3
Change Component Designator: OldDesignator=C3 NewDesignator=C2
Change Component Designator: OldDesignator=E1 NewDesignator=E2
Change Component Designator: OldDesignator=E2 NewDesignator=E1
Change Component Designator: OldDesignator=R6 NewDesignator=R8
Change Component Designator: OldDesignator=R7 NewDesignator=R9
Change Component Designator: OldDesignator=R8 NewDesignator=R6
Change Component Designator: OldDesignator=R9 NewDesignator=R7
Added Component: Designator=*1(SOT223_M)
Added Component: Designator=*2(SOT223_M)
Added Component: Designator=F2(FU 0805)
Add component (AddParameter): Name = "BOM名称"; Value = "贴片保险丝"; VariantName = "[No Variations]"
Add component (AddParameter): Name = "学习资源"; Value = "www.ooocke.com"; VariantName = "[No Variations]"
Add component (AddParameter): Name = "版权归属"; Value = "源创客"; VariantName = "[No Variations]"
Added Pin To Net: NetName=GND Pin=*1-1
Added Pin To Net: NetName=NetC2_2 Pin=*1-2
Added Pin To Net: NetName=NetC2_2 Pin=*1-2
Added Pin To Net: NetName=5V Pin=*1-3
Added Pin To Net: NetName=GND Pin=*2-1
Added Pin To Net: NetName=5V Pin=E3-1
Added Pin To Net: NetName=UART_3.3V Pin=F2-2
Change Net Name : Old Net Name=NetC2_2 New Net Name=Net*1_2
Added Pin To Net: NetName=Net*2_2 Pin=*2-2
Added Pin To Net: NetName=Net*2_2 Pin=*2-2
Added Pin To Net: NetName=Net*2_2 Pin=C6-2
Added Pin To Net: NetName=Net*2_2 Pin=E4-1
Added Pin To Net: NetName=Net*2_2 Pin=F2-1
Added Net: Name=Net*2_2
Added Pin To Net: NetName=Net*2_3 Pin=*2-3
Added Pin To Net: NetName=Net*2_3 Pin=C5-2
Added Net: Name=Net*2_3
Added Member To Class: ClassName=Sheet1 Member=Component *1 AMS1117
Added Member To Class: ClassName=Sheet1 Member=Component *2 AMS1117
Added Member To Class: ClassName=Sheet1 Member=Component F2 MSMD200-8V 2A
