Removed Pin From Net: NetName=UART_3.3V Pin=F2-2
Removed Member From Class: ClassName=Sheet1 Member=F2
Change Component Footprint: Designator=C1 Old Footprint=C 0201_M New Footprint=C 0603_M
Change Component Footprint: Designator=C2 Old Footprint=C 0201_M New Footprint=C 0603_M
Change Component Footprint: Designator=C3 Old Footprint=C 0201_M New Footprint=C 0603_M
Change Component Footprint: Designator=C4 Old Footprint=C 0201_M New Footprint=C 0603_M
Change Component Footprint: Designator=C5 Old Footprint=C 0201_M New Footprint=C 0603_M
Change Component Footprint: Designator=C6 Old Footprint=C 0201_M New Footprint=C 0603_M
Change Component Footprint: Designator=C13 Old Footprint=C 0201_M New Footprint=C 0603_M
Change Component Footprint: Designator=C14 Old Footprint=C 0201_M New Footprint=C 0603_M
Change Component Footprint: Designator=C15 Old Footprint=C 0201_M New Footprint=C 0603_M
Change Component Footprint: Designator=C16 Old Footprint=C 0201_M New Footprint=C 0603_M
Change Component Footprint: Designator=C17 Old Footprint=C 0201_M New Footprint=C 0603_M
Change Component Footprint: Designator=C7 Old Footprint=C 0201_M New Footprint=CD C(6032)
Change Component Footprint: Designator=C8 Old Footprint=C 0201_M New Footprint=CD C(6032)
Change Component Footprint: Designator=C9 Old Footprint=C 0201_M New Footprint=CD C(6032)
Change Component Footprint: Designator=C10 Old Footprint=C 0201_M New Footprint=CD C(6032)
Change Component Footprint: Designator=C11 Old Footprint=C 0201_M New Footprint=CD C(6032)
Change Component Footprint: Designator=C12 Old Footprint=C 0201_M New Footprint=CD C(6032)
Added Pin To Net: NetName=UART_3.3V Pin=*2-2
Added Pin To Net: NetName=UART_3.3V Pin=*2-2
Added Pin To Net: NetName=UART_3.3V Pin=C6-2
Added Pin To Net: NetName=UART_3.3V Pin=E4-1
Added Member To Class: ClassName=Sheet1 Member=Component C3 104
Added Member To Class: ClassName=Sheet1 Member=Component E1 10uF/6.3V
Added Member To Class: ClassName=Sheet1 Member=Component R8 Res2
Added Member To Class: ClassName=Sheet1 Member=Component R9 Res2
