Change Component Designator: Old Designator=*1 New Designator=*?
Change Component Designator: Old Designator=*2 New Designator=*?
Change Component Designator: Old Designator=1 New Designator=?
Change Component Designator: Old Designator=2 New Designator=?
Change Component Designator: Old Designator=3 New Designator=?
Change Component Designator: Old Designator=C1 New Designator=C?
Change Component Designator: Old Designator=C2 New Designator=C?
Change Component Designator: Old Designator=C3 New Designator=C?
Change Component Designator: Old Designator=C4 New Designator=C?
Change Component Designator: Old Designator=C5 New Designator=C?
Change Component Designator: Old Designator=C6 New Designator=C?
Change Component Designator: Old Designator=C11 New Designator=C?
Change Component Designator: Old Designator=C12 New Designator=C?
Change Component Designator: Old Designator=C13 New Designator=C?
Change Component Designator: Old Designator=C14 New Designator=C?
Change Component Designator: Old Designator=C15 New Designator=C?
Change Component Designator: Old Designator=C16 New Designator=C?
Change Component Designator: Old Designator=C17 New Designator=C?
Change Component Designator: Old Designator=D1 New Designator=D?
Change Component Designator: Old Designator=E1 New Designator=E?
Change Component Designator: Old Designator=E2 New Designator=E?
Change Component Designator: Old Designator=E3 New Designator=E?
Change Component Designator: Old Designator=E4 New Designator=E?
Change Component Designator: Old Designator=FUSE1 New Designator=FUSE?
Change Component Designator: Old Designator=JP1 New Designator=JP?
Change Component Designator: Old Designator=K1 New Designator=K?
Change Component Designator: Old Designator=K2 New Designator=K?
Change Component Designator: Old Designator=K3 New Designator=K?
Change Component Designator: Old Designator=K4 New Designator=K?
Change Component Designator: Old Designator=LED1 New Designator=LED?
Change Component Designator: Old Designator=LED2 New Designator=LED?
Change Component Designator: Old Designator=LED4 New Designator=LED?
Change Component Designator: Old Designator=LED5 New Designator=LED?
Change Component Designator: Old Designator=LED6 New Designator=LED?
Change Component Designator: Old Designator=LED7 New Designator=LED?
Change Component Designator: Old Designator=LED8 New Designator=LED?
Change Component Designator: Old Designator=LED9 New Designator=LED?
Change Component Designator: Old Designator=P1 New Designator=P?
Change Component Designator: Old Designator=P2 New Designator=P?
Change Component Designator: Old Designator=P3 New Designator=P?
Change Component Designator: Old Designator=P4 New Designator=P?
Change Component Designator: Old Designator=P5 New Designator=P?
Change Component Designator: Old Designator=P6 New Designator=P?
Change Component Designator: Old Designator=P7 New Designator=P?
Change Component Designator: Old Designator=P8 New Designator=P?
Change Component Designator: Old Designator=P9 New Designator=P?
Change Component Designator: Old Designator=P10 New Designator=P?
Change Component Designator: Old Designator=Q1 New Designator=Q?
Change Component Designator: Old Designator=R1 New Designator=R?
Change Component Designator: Old Designator=R2 New Designator=R?
Change Component Designator: Old Designator=R3 New Designator=R?
Change Component Designator: Old Designator=R4 New Designator=R?
Change Component Designator: Old Designator=R6 New Designator=R?
Change Component Designator: Old Designator=R7 New Designator=R?
Change Component Designator: Old Designator=R8 New Designator=R?
Change Component Designator: Old Designator=R9 New Designator=R?
Change Component Designator: Old Designator=R10 New Designator=R?
Change Component Designator: Old Designator=R11 New Designator=R?
Change Component Designator: Old Designator=R12 New Designator=R?
Change Component Designator: Old Designator=R13 New Designator=R?
Change Component Designator: Old Designator=R14 New Designator=R?
Change Component Designator: Old Designator=R15 New Designator=R?
Change Component Designator: Old Designator=R16 New Designator=R?
Change Component Designator: Old Designator=R17 New Designator=R?
Change Component Designator: Old Designator=S1 New Designator=S?
Change Component Designator: Old Designator=SW1 New Designator=SW?
Change Component Designator: Old Designator=t1 New Designator=t?
Change Component Designator: Old Designator=t2 New Designator=t?
Change Component Designator: Old Designator=t3 New Designator=t?
Change Component Designator: Old Designator=t4 New Designator=t?
Change Component Designator: Old Designator=TPS3 New Designator=TPS?
Change Component Designator: Old Designator=蜂鸣器1 New Designator=蜂鸣器?
Change Component Designator: Old Designator=运放1 New Designator=运放?
Change Component Designator: Old Designator=运放2 New Designator=运放?
Change Component Designator: Old Designator=运放3 New Designator=运放?
Change Component Designator: Old Designator=运放4 New Designator=运放?
